#
# There is insufficient memory for the Java Runtime Environment to continue.
# Native memory allocation (mmap) failed to map 65536 bytes for Failed to commit metaspace.
# Possible reasons:
#   The system is out of physical RAM or swap space
#   The process is running with CompressedOops enabled, and the Java Heap may be blocking the growth of the native heap
# Possible solutions:
#   Reduce memory load on the system
#   Increase physical memory or swap space
#   Check if swap backing store is full
#   Decrease Java heap size (-Xmx/-Xms)
#   Decrease number of Java threads
#   Decrease Java thread stack sizes (-Xss)
#   Set larger code cache with -XX:ReservedCodeCacheSize=
#   JVM is running with Unscaled Compressed Oops mode in which the Java heap is
#     placed in the first 4GB address space. The Java Heap base address is the
#     maximum limit for the native heap growth. Please use -XX:HeapBaseMinAddress
#     to set the Java Heap base and to place the Java Heap above 4GB virtual address.
# This output file may be truncated or incomplete.
#
#  Out of Memory Error (virtualSpaceNode.cpp:110), pid=23700, tid=2640
#
# JRE version: OpenJDK Runtime Environment Temurin-17.0.9+9 (17.0.9+9) (build 17.0.9+9)
# Java VM: OpenJDK 64-Bit Server VM Temurin-17.0.9+9 (17.0.9+9, mixed mode, sharing, tiered, compressed oops, compressed class ptrs, g1 gc, windows-amd64)
# No core dump will be written. Minidumps are not enabled by default on client versions of Windows
#

---------------  S U M M A R Y ------------

Command Line: -Dcom.android.sdkmanager.toolsdir=C:\Program Files\Unity\Hub\Editor\6000.0.28f1\Editor\Data\PlaybackEngines\AndroidPlayer\SDK\cmdline-tools\6.0\bin\\.. com.android.sdklib.tool.AvdManagerCli list target -c

Host: Intel(R) Core(TM) i5-10210U CPU @ 1.60GHz, 8 cores, 7G,  Windows 11 , 64 bit Build 22621 (10.0.22621.4830)
Time: Tue Feb 25 18:26:25 2025 Pakistan Standard Time elapsed time: 0.605217 seconds (0d 0h 0m 0s)

---------------  T H R E A D  ---------------

Current thread (0x000001aae2400560):  JavaThread "main" [_thread_in_vm, id=2640, stack(0x000000aa6d100000,0x000000aa6d200000)]

Stack: [0x000000aa6d100000,0x000000aa6d200000]
Native frames: (J=compiled Java code, j=interpreted, Vv=VM code, C=native code)
V  [jvm.dll+0x67cf49]
V  [jvm.dll+0x83478a]
V  [jvm.dll+0x83624e]
V  [jvm.dll+0x8368b3]
V  [jvm.dll+0x247f1f]
V  [jvm.dll+0x83044b]
V  [jvm.dll+0x621776]
V  [jvm.dll+0x6217da]
V  [jvm.dll+0x62400a]
V  [jvm.dll+0x622116]
V  [jvm.dll+0x1ec48e]
V  [jvm.dll+0x1ecfd0]
V  [jvm.dll+0x1e23d1]
V  [jvm.dll+0x54305e]
V  [jvm.dll+0x1f2e27]
V  [jvm.dll+0x7adb8b]
V  [jvm.dll+0x7aef5c]
V  [jvm.dll+0x7af2a8]
V  [jvm.dll+0x2401ee]
V  [jvm.dll+0x382e4e]
C  0x000001aaf144b6ce

The last pc belongs to new (printed below).
Java frames: (J=compiled Java code, j=interpreted, Vv=VM code)
j  sun.net.www.protocol.jar.Handler.openConnection(Ljava/net/URL;)Ljava/net/URLConnection;+0 java.base@17.0.9
j  java.net.URL.openConnection()Ljava/net/URLConnection;+5 java.base@17.0.9
j  java.net.URL.openStream()Ljava/io/InputStream;+1 java.base@17.0.9
j  java.lang.ClassLoader.getResourceAsStream(Ljava/lang/String;)Ljava/io/InputStream;+16 java.base@17.0.9
j  java.lang.Class.getResourceAsStream(Ljava/lang/String;)Ljava/io/InputStream;+123 java.base@17.0.9
j  com.android.support.AndroidxMigrationParserKt.parseMigrationFile(Lcom/android/support/MigrationParserVisitor;)V+10
j  com.android.support.AndroidxNameUtils.<clinit>()V+33
v  ~StubRoutines::call_stub
j  com.android.support.AndroidxName.of(Ljava/lang/String;Ljava/lang/String;)Lcom/android/support/AndroidxName;+108
j  com.android.SdkConstants.<clinit>()V+1131
v  ~StubRoutines::call_stub
j  com.android.sdklib.repository.legacy.local.LocalSdk.scanTools(Ljava/io/File;)Lcom/android/sdklib/repository/legacy/local/LocalToolPkgInfo;+153
j  com.android.sdklib.repository.legacy.local.LocalSdk.getPkgInfo(Lcom/android/sdklib/repository/legacy/descriptors/PkgType;)Lcom/android/sdklib/repository/legacy/local/LocalPkgInfo;+211
j  com.android.sdklib.repository.legacy.local.LocalSdk.getPkgsInfos(Ljava/util/EnumSet;)[Lcom/android/sdklib/repository/legacy/local/LocalPkgInfo;+72
j  com.android.sdklib.repository.legacy.LegacyLocalRepoLoader.parseLegacyLocalPackage(Ljava/nio/file/Path;Lcom/android/repository/api/ProgressIndicator;)Lcom/android/repository/api/LocalPackage;+79
j  com.android.repository.impl.manager.LocalRepoLoaderImpl.parsePackages(Ljava/util/Collection;Lcom/android/repository/api/ProgressIndicator;)Ljava/util/Map;+139
j  com.android.repository.impl.manager.LocalRepoLoaderImpl.getPackages(Lcom/android/repository/api/ProgressIndicator;)Ljava/util/Map;+16
j  com.android.repository.impl.manager.RepoManagerImpl$LoadTask.run(Lcom/android/repository/api/ProgressIndicator;Lcom/android/repository/api/ProgressRunner;)V+109
j  com.android.repository.api.RepoManager$DummyProgressRunner.runSyncWithProgress(Lcom/android/repository/api/ProgressRunner$ProgressRunnable;)V+6
j  com.android.repository.impl.manager.RepoManagerImpl.load(JLjava/util/List;Ljava/util/List;Ljava/util/List;Lcom/android/repository/api/ProgressRunner;Lcom/android/repository/api/Downloader;Lcom/android/repository/api/SettingsController;Z)V+218
j  com.android.repository.impl.manager.RepoManagerImpl.loadSynchronously(JLjava/util/List;Ljava/util/List;Ljava/util/List;Lcom/android/repository/api/ProgressRunner;Lcom/android/repository/api/Downloader;Lcom/android/repository/api/SettingsController;)V+14
j  com.android.repository.api.RepoManager.loadSynchronously(JLcom/android/repository/api/ProgressIndicator;Lcom/android/repository/api/Downloader;Lcom/android/repository/api/SettingsController;)Z+36
j  com.android.sdklib.repository.AndroidSdkHandler$RepoConfig.createRepoManager(Lcom/android/repository/api/ProgressIndicator;Ljava/nio/file/Path;Lcom/android/repository/impl/sources/LocalSourceProvider;Lcom/android/repository/io/FileOp;)Lcom/android/repository/api/RepoManager;+197
j  com.android.sdklib.repository.AndroidSdkHandler.getSdkManager(Lcom/android/repository/api/ProgressIndicator;)Lcom/android/repository/api/RepoManager;+48
j  com.android.sdklib.repository.AndroidSdkHandler.getAndroidTargetManager(Lcom/android/repository/api/ProgressIndicator;)Lcom/android/sdklib/repository/targets/AndroidTargetManager;+9
j  com.android.sdklib.tool.AvdManagerCli.displayTargetList()V+14
j  com.android.sdklib.tool.AvdManagerCli.doAction()V+61
j  com.android.sdklib.tool.AvdManagerCli.run([Ljava/lang/String;)V+38
j  com.android.sdklib.tool.AvdManagerCli.main([Ljava/lang/String;)V+29
v  ~StubRoutines::call_stub
new  187 new  [0x000001aaf144b540, 0x000001aaf144b760]  544 bytes
[MachCode]
  0x000001aaf144b540: 4883 ec08 | c5fa 1104 | 24eb 1f48 | 83ec 10c5 | fb11 0424 | eb14 4883 | ec10 4889 | 0424 48c7 
  0x000001aaf144b560: 4424 0800 | 0000 00eb | 0150 410f | b755 010f | cac1 ea10 | 488b 4de8 | 488b 4908 | 488b 4908 
  0x000001aaf144b580: 488b 4108 | 807c 1004 | 070f 85df | 0000 0066 | 8b54 d148 | 488b 4928 | 488b 4cd1 | 0851 80b9 
  0x000001aaf144b5a0: 3301 0000 | 040f 85c2 | 0000 008b | 5108 f7c2 | 0100 0000 | 0f85 b300 | 0000 498b | 8708 0100 
  0x000001aaf144b5c0: 0048 8d1c | 1049 3b9f | 1801 0000 | 0f87 9b00 | 0000 4989 | 9f08 0100 | 00e9 0000 | 0000 4883 
  0x000001aaf144b5e0: ea10 0f84 | 0f00 0000 | 33c9 c1ea | 0348 894c | d008 48ff | ca75 f648 | c700 0100 | 0000 5933 
  0x000001aaf144b600: f689 700c | 49ba 0000 | 0081 aa01 | 0000 492b | ca89 4808 | 49ba 2f35 | 6ae5 fb7f | 0000 4180 
  0x000001aaf144b620: 3a00 0f84 | 4000 0000 | 5048 8bc8 | 4883 ec20 | f7c4 0f00 | 0000 0f84 | 1a00 0000 | 4883 ec08 
  0x000001aaf144b640: 49ba e02b | 20e5 fb7f | 0000 41ff | d248 83c4 | 08e9 0d00 | 0000 49ba | e02b 20e5 | fb7f 0000 
  0x000001aaf144b660: 41ff d248 | 83c4 2058 | e9cd 0000 | 0059 488b | 55e8 488b | 5208 488b | 5208 450f | b745 0141 
  0x000001aaf144b680: 0fc8 41c1 | e810 e805 | 0000 00e9 | aa00 0000 | 488d 4424 | 084c 896d | c049 8bcf | c5f8 7749 
  0x000001aaf144b6a0: 89af a802 | 0000 4989 | 8798 0200 | 0048 83ec | 20f7 c40f | 0000 000f | 841a 0000 | 0048 83ec 
  0x000001aaf144b6c0: 0849 ba00 | 2eea e4fb | 7f00 0041 | ffd2 4883 | c408 e90d | 0000 0049 | ba00 2eea | e4fb 7f00 
  0x000001aaf144b6e0: 0041 ffd2 | 4883 c420 | 49c7 8798 | 0200 0000 | 0000 0049 | c787 a802 | 0000 0000 | 0000 49c7 
  0x000001aaf144b700: 87a0 0200 | 0000 0000 | 00c5 f877 | 4981 7f08 | 0000 0000 | 0f84 0500 | 0000 e9e1 | 57fe ff49 
  0x000001aaf144b720: 8b87 f002 | 0000 49c7 | 87f0 0200 | 0000 0000 | 004c 8b6d | c04c 8b75 | c8c3 410f | b65d 0349 
  0x000001aaf144b740: 83c5 0349 | ba90 9a6c | e5fb 7f00 | 0041 ff24 | da0f 1f80 | 0000 0000 | 0000 0000 | 0000 0000 
[/MachCode]

---------------  P R O C E S S  ---------------

Threads class SMR info:
_java_thread_list=0x000001aa80949880, length=12, elements={
0x000001aae2400560, 0x000001aa806f3bd0, 0x000001aa806f4760, 0x000001aa8070d270,
0x000001aa8070db40, 0x000001aa8070ea20, 0x000001aa8070f2f0, 0x000001aa80713c10,
0x000001aa8071e5f0, 0x000001aa80868070, 0x000001aa8097c690, 0x000001aa8097f230
}

Java Threads: ( => current thread )
=>0x000001aae2400560 JavaThread "main" [_thread_in_vm, id=2640, stack(0x000000aa6d100000,0x000000aa6d200000)]
  0x000001aa806f3bd0 JavaThread "Reference Handler" daemon [_thread_blocked, id=18824, stack(0x000000aa6d800000,0x000000aa6d900000)]
  0x000001aa806f4760 JavaThread "Finalizer" daemon [_thread_blocked, id=25624, stack(0x000000aa6d900000,0x000000aa6da00000)]
  0x000001aa8070d270 JavaThread "Signal Dispatcher" daemon [_thread_blocked, id=18448, stack(0x000000aa6da00000,0x000000aa6db00000)]
  0x000001aa8070db40 JavaThread "Attach Listener" daemon [_thread_blocked, id=6684, stack(0x000000aa6db00000,0x000000aa6dc00000)]
  0x000001aa8070ea20 JavaThread "Service Thread" daemon [_thread_blocked, id=22460, stack(0x000000aa6dc00000,0x000000aa6dd00000)]
  0x000001aa8070f2f0 JavaThread "Monitor Deflation Thread" daemon [_thread_blocked, id=25368, stack(0x000000aa6dd00000,0x000000aa6de00000)]
  0x000001aa80713c10 JavaThread "C2 CompilerThread0" daemon [_thread_blocked, id=3332, stack(0x000000aa6de00000,0x000000aa6df00000)]
  0x000001aa8071e5f0 JavaThread "C1 CompilerThread0" daemon [_thread_blocked, id=26212, stack(0x000000aa6df00000,0x000000aa6e000000)]
  0x000001aa80868070 JavaThread "Sweeper thread" daemon [_thread_blocked, id=4264, stack(0x000000aa6e000000,0x000000aa6e100000)]
  0x000001aa8097c690 JavaThread "Notification Thread" daemon [_thread_blocked, id=23588, stack(0x000000aa6e100000,0x000000aa6e200000)]
  0x000001aa8097f230 JavaThread "Common-Cleaner" daemon [_thread_blocked, id=19948, stack(0x000000aa6e300000,0x000000aa6e400000)]

Other Threads:
  0x000001aa806ee170 VMThread "VM Thread" [stack: 0x000000aa6d700000,0x000000aa6d800000] [id=24616]
  0x000001aa8097cb70 WatcherThread [stack: 0x000000aa6e200000,0x000000aa6e300000] [id=24208]
  0x000001aae2455ee0 GCTaskThread "GC Thread#0" [stack: 0x000000aa6d200000,0x000000aa6d300000] [id=12224]
  0x000001aae2466930 ConcurrentGCThread "G1 Main Marker" [stack: 0x000000aa6d300000,0x000000aa6d400000] [id=24804]
  0x000001aae2468b00 ConcurrentGCThread "G1 Conc#0" [stack: 0x000000aa6d400000,0x000000aa6d500000] [id=24136]
  0x000001aa805a6540 ConcurrentGCThread "G1 Refine#0" [stack: 0x000000aa6d500000,0x000000aa6d600000] [id=13596]
  0x000001aa805a6f70 ConcurrentGCThread "G1 Service" [stack: 0x000000aa6d600000,0x000000aa6d700000] [id=23284]

Threads with active compile tasks:

VM state: not at safepoint (normal execution)

VM Mutex/Monitor currently owned by a thread:  ([mutex/lock_event])
[0x000001aae23fdff0] Metaspace_lock - owner thread: 0x000001aae2400560

Heap address: 0x0000000082800000, size: 2008 MB, Compressed Oops mode: 32-bit

CDS archive(s) mapped at: [0x000001aa81000000-0x000001aa81ba0000-0x000001aa81ba0000), size 12189696, SharedBaseAddress: 0x000001aa81000000, ArchiveRelocationMode: 1.
Compressed class space mapped at: 0x000001aa82000000-0x000001aac2000000, reserved size: 1073741824
Narrow klass base: 0x000001aa81000000, Narrow klass shift: 0, Narrow klass range: 0x100000000

GC Precious Log:
 CPUs: 8 total, 8 available
 Memory: 8025M
 Large Page Support: Disabled
 NUMA Support: Disabled
 Compressed Oops: Enabled (32-bit)
 Heap Region Size: 1M
 Heap Min Capacity: 8M
 Heap Initial Capacity: 126M
 Heap Max Capacity: 2008M
 Pre-touch: Disabled
 Parallel Workers: 8
 Concurrent Workers: 2
 Concurrent Refinement Workers: 8
 Periodic GC: Disabled

Heap:
 garbage-first heap   total 129024K, used 12288K [0x0000000082800000, 0x0000000100000000)
  region size 1024K, 13 young (13312K), 0 survivors (0K)
 Metaspace       used 4207K, committed 4288K, reserved 1114112K
  class space    used 406K, committed 448K, reserved 1048576K

Heap Regions: E=young(eden), S=young(survivor), O=old, HS=humongous(starts), HC=humongous(continues), CS=collection set, F=free, OA=open archive, CA=closed archive, TAMS=top-at-mark-start (previous, next)
|   0|0x0000000082800000, 0x0000000082900000, 0x0000000082900000|100%|HS|  |TAMS 0x0000000082800000, 0x0000000082800000| Complete 
|   1|0x0000000082900000, 0x0000000082900000, 0x0000000082a00000|  0%| F|  |TAMS 0x0000000082900000, 0x0000000082900000| Untracked 
|   2|0x0000000082a00000, 0x0000000082a00000, 0x0000000082b00000|  0%| F|  |TAMS 0x0000000082a00000, 0x0000000082a00000| Untracked 
|   3|0x0000000082b00000, 0x0000000082b00000, 0x0000000082c00000|  0%| F|  |TAMS 0x0000000082b00000, 0x0000000082b00000| Untracked 
|   4|0x0000000082c00000, 0x0000000082c00000, 0x0000000082d00000|  0%| F|  |TAMS 0x0000000082c00000, 0x0000000082c00000| Untracked 
|   5|0x0000000082d00000, 0x0000000082d00000, 0x0000000082e00000|  0%| F|  |TAMS 0x0000000082d00000, 0x0000000082d00000| Untracked 
|   6|0x0000000082e00000, 0x0000000082e00000, 0x0000000082f00000|  0%| F|  |TAMS 0x0000000082e00000, 0x0000000082e00000| Untracked 
|   7|0x0000000082f00000, 0x0000000082f00000, 0x0000000083000000|  0%| F|  |TAMS 0x0000000082f00000, 0x0000000082f00000| Untracked 
|   8|0x0000000083000000, 0x0000000083000000, 0x0000000083100000|  0%| F|  |TAMS 0x0000000083000000, 0x0000000083000000| Untracked 
|   9|0x0000000083100000, 0x0000000083100000, 0x0000000083200000|  0%| F|  |TAMS 0x0000000083100000, 0x0000000083100000| Untracked 
|  10|0x0000000083200000, 0x0000000083200000, 0x0000000083300000|  0%| F|  |TAMS 0x0000000083200000, 0x0000000083200000| Untracked 
|  11|0x0000000083300000, 0x0000000083300000, 0x0000000083400000|  0%| F|  |TAMS 0x0000000083300000, 0x0000000083300000| Untracked 
|  12|0x0000000083400000, 0x0000000083400000, 0x0000000083500000|  0%| F|  |TAMS 0x0000000083400000, 0x0000000083400000| Untracked 
|  13|0x0000000083500000, 0x0000000083500000, 0x0000000083600000|  0%| F|  |TAMS 0x0000000083500000, 0x0000000083500000| Untracked 
|  14|0x0000000083600000, 0x0000000083600000, 0x0000000083700000|  0%| F|  |TAMS 0x0000000083600000, 0x0000000083600000| Untracked 
|  15|0x0000000083700000, 0x0000000083700000, 0x0000000083800000|  0%| F|  |TAMS 0x0000000083700000, 0x0000000083700000| Untracked 
|  16|0x0000000083800000, 0x0000000083800000, 0x0000000083900000|  0%| F|  |TAMS 0x0000000083800000, 0x0000000083800000| Untracked 
|  17|0x0000000083900000, 0x0000000083900000, 0x0000000083a00000|  0%| F|  |TAMS 0x0000000083900000, 0x0000000083900000| Untracked 
|  18|0x0000000083a00000, 0x0000000083a00000, 0x0000000083b00000|  0%| F|  |TAMS 0x0000000083a00000, 0x0000000083a00000| Untracked 
|  19|0x0000000083b00000, 0x0000000083b00000, 0x0000000083c00000|  0%| F|  |TAMS 0x0000000083b00000, 0x0000000083b00000| Untracked 
|  20|0x0000000083c00000, 0x0000000083c00000, 0x0000000083d00000|  0%| F|  |TAMS 0x0000000083c00000, 0x0000000083c00000| Untracked 
|  21|0x0000000083d00000, 0x0000000083d00000, 0x0000000083e00000|  0%| F|  |TAMS 0x0000000083d00000, 0x0000000083d00000| Untracked 
|  22|0x0000000083e00000, 0x0000000083e00000, 0x0000000083f00000|  0%| F|  |TAMS 0x0000000083e00000, 0x0000000083e00000| Untracked 
|  23|0x0000000083f00000, 0x0000000083f00000, 0x0000000084000000|  0%| F|  |TAMS 0x0000000083f00000, 0x0000000083f00000| Untracked 
|  24|0x0000000084000000, 0x0000000084000000, 0x0000000084100000|  0%| F|  |TAMS 0x0000000084000000, 0x0000000084000000| Untracked 
|  25|0x0000000084100000, 0x0000000084100000, 0x0000000084200000|  0%| F|  |TAMS 0x0000000084100000, 0x0000000084100000| Untracked 
|  26|0x0000000084200000, 0x0000000084200000, 0x0000000084300000|  0%| F|  |TAMS 0x0000000084200000, 0x0000000084200000| Untracked 
|  27|0x0000000084300000, 0x0000000084300000, 0x0000000084400000|  0%| F|  |TAMS 0x0000000084300000, 0x0000000084300000| Untracked 
|  28|0x0000000084400000, 0x0000000084400000, 0x0000000084500000|  0%| F|  |TAMS 0x0000000084400000, 0x0000000084400000| Untracked 
|  29|0x0000000084500000, 0x0000000084500000, 0x0000000084600000|  0%| F|  |TAMS 0x0000000084500000, 0x0000000084500000| Untracked 
|  30|0x0000000084600000, 0x0000000084600000, 0x0000000084700000|  0%| F|  |TAMS 0x0000000084600000, 0x0000000084600000| Untracked 
|  31|0x0000000084700000, 0x0000000084700000, 0x0000000084800000|  0%| F|  |TAMS 0x0000000084700000, 0x0000000084700000| Untracked 
|  32|0x0000000084800000, 0x0000000084800000, 0x0000000084900000|  0%| F|  |TAMS 0x0000000084800000, 0x0000000084800000| Untracked 
|  33|0x0000000084900000, 0x0000000084900000, 0x0000000084a00000|  0%| F|  |TAMS 0x0000000084900000, 0x0000000084900000| Untracked 
|  34|0x0000000084a00000, 0x0000000084a00000, 0x0000000084b00000|  0%| F|  |TAMS 0x0000000084a00000, 0x0000000084a00000| Untracked 
|  35|0x0000000084b00000, 0x0000000084b00000, 0x0000000084c00000|  0%| F|  |TAMS 0x0000000084b00000, 0x0000000084b00000| Untracked 
|  36|0x0000000084c00000, 0x0000000084c00000, 0x0000000084d00000|  0%| F|  |TAMS 0x0000000084c00000, 0x0000000084c00000| Untracked 
|  37|0x0000000084d00000, 0x0000000084d00000, 0x0000000084e00000|  0%| F|  |TAMS 0x0000000084d00000, 0x0000000084d00000| Untracked 
|  38|0x0000000084e00000, 0x0000000084e00000, 0x0000000084f00000|  0%| F|  |TAMS 0x0000000084e00000, 0x0000000084e00000| Untracked 
|  39|0x0000000084f00000, 0x0000000084f00000, 0x0000000085000000|  0%| F|  |TAMS 0x0000000084f00000, 0x0000000084f00000| Untracked 
|  40|0x0000000085000000, 0x0000000085000000, 0x0000000085100000|  0%| F|  |TAMS 0x0000000085000000, 0x0000000085000000| Untracked 
|  41|0x0000000085100000, 0x0000000085100000, 0x0000000085200000|  0%| F|  |TAMS 0x0000000085100000, 0x0000000085100000| Untracked 
|  42|0x0000000085200000, 0x0000000085200000, 0x0000000085300000|  0%| F|  |TAMS 0x0000000085200000, 0x0000000085200000| Untracked 
|  43|0x0000000085300000, 0x0000000085300000, 0x0000000085400000|  0%| F|  |TAMS 0x0000000085300000, 0x0000000085300000| Untracked 
|  44|0x0000000085400000, 0x0000000085400000, 0x0000000085500000|  0%| F|  |TAMS 0x0000000085400000, 0x0000000085400000| Untracked 
|  45|0x0000000085500000, 0x0000000085500000, 0x0000000085600000|  0%| F|  |TAMS 0x0000000085500000, 0x0000000085500000| Untracked 
|  46|0x0000000085600000, 0x0000000085600000, 0x0000000085700000|  0%| F|  |TAMS 0x0000000085600000, 0x0000000085600000| Untracked 
|  47|0x0000000085700000, 0x0000000085700000, 0x0000000085800000|  0%| F|  |TAMS 0x0000000085700000, 0x0000000085700000| Untracked 
|  48|0x0000000085800000, 0x0000000085800000, 0x0000000085900000|  0%| F|  |TAMS 0x0000000085800000, 0x0000000085800000| Untracked 
|  49|0x0000000085900000, 0x0000000085900000, 0x0000000085a00000|  0%| F|  |TAMS 0x0000000085900000, 0x0000000085900000| Untracked 
|  50|0x0000000085a00000, 0x0000000085a00000, 0x0000000085b00000|  0%| F|  |TAMS 0x0000000085a00000, 0x0000000085a00000| Untracked 
|  51|0x0000000085b00000, 0x0000000085b00000, 0x0000000085c00000|  0%| F|  |TAMS 0x0000000085b00000, 0x0000000085b00000| Untracked 
|  52|0x0000000085c00000, 0x0000000085c00000, 0x0000000085d00000|  0%| F|  |TAMS 0x0000000085c00000, 0x0000000085c00000| Untracked 
|  53|0x0000000085d00000, 0x0000000085d00000, 0x0000000085e00000|  0%| F|  |TAMS 0x0000000085d00000, 0x0000000085d00000| Untracked 
|  54|0x0000000085e00000, 0x0000000085e00000, 0x0000000085f00000|  0%| F|  |TAMS 0x0000000085e00000, 0x0000000085e00000| Untracked 
|  55|0x0000000085f00000, 0x0000000085f00000, 0x0000000086000000|  0%| F|  |TAMS 0x0000000085f00000, 0x0000000085f00000| Untracked 
|  56|0x0000000086000000, 0x0000000086000000, 0x0000000086100000|  0%| F|  |TAMS 0x0000000086000000, 0x0000000086000000| Untracked 
|  57|0x0000000086100000, 0x0000000086100000, 0x0000000086200000|  0%| F|  |TAMS 0x0000000086100000, 0x0000000086100000| Untracked 
|  58|0x0000000086200000, 0x0000000086200000, 0x0000000086300000|  0%| F|  |TAMS 0x0000000086200000, 0x0000000086200000| Untracked 
|  59|0x0000000086300000, 0x0000000086300000, 0x0000000086400000|  0%| F|  |TAMS 0x0000000086300000, 0x0000000086300000| Untracked 
|  60|0x0000000086400000, 0x0000000086400000, 0x0000000086500000|  0%| F|  |TAMS 0x0000000086400000, 0x0000000086400000| Untracked 
|  61|0x0000000086500000, 0x0000000086500000, 0x0000000086600000|  0%| F|  |TAMS 0x0000000086500000, 0x0000000086500000| Untracked 
|  62|0x0000000086600000, 0x0000000086600000, 0x0000000086700000|  0%| F|  |TAMS 0x0000000086600000, 0x0000000086600000| Untracked 
|  63|0x0000000086700000, 0x0000000086700000, 0x0000000086800000|  0%| F|  |TAMS 0x0000000086700000, 0x0000000086700000| Untracked 
|  64|0x0000000086800000, 0x0000000086800000, 0x0000000086900000|  0%| F|  |TAMS 0x0000000086800000, 0x0000000086800000| Untracked 
|  65|0x0000000086900000, 0x0000000086900000, 0x0000000086a00000|  0%| F|  |TAMS 0x0000000086900000, 0x0000000086900000| Untracked 
|  66|0x0000000086a00000, 0x0000000086a00000, 0x0000000086b00000|  0%| F|  |TAMS 0x0000000086a00000, 0x0000000086a00000| Untracked 
|  67|0x0000000086b00000, 0x0000000086b00000, 0x0000000086c00000|  0%| F|  |TAMS 0x0000000086b00000, 0x0000000086b00000| Untracked 
|  68|0x0000000086c00000, 0x0000000086c00000, 0x0000000086d00000|  0%| F|  |TAMS 0x0000000086c00000, 0x0000000086c00000| Untracked 
|  69|0x0000000086d00000, 0x0000000086d00000, 0x0000000086e00000|  0%| F|  |TAMS 0x0000000086d00000, 0x0000000086d00000| Untracked 
|  70|0x0000000086e00000, 0x0000000086e00000, 0x0000000086f00000|  0%| F|  |TAMS 0x0000000086e00000, 0x0000000086e00000| Untracked 
|  71|0x0000000086f00000, 0x0000000086f00000, 0x0000000087000000|  0%| F|  |TAMS 0x0000000086f00000, 0x0000000086f00000| Untracked 
|  72|0x0000000087000000, 0x0000000087000000, 0x0000000087100000|  0%| F|  |TAMS 0x0000000087000000, 0x0000000087000000| Untracked 
|  73|0x0000000087100000, 0x0000000087100000, 0x0000000087200000|  0%| F|  |TAMS 0x0000000087100000, 0x0000000087100000| Untracked 
|  74|0x0000000087200000, 0x0000000087200000, 0x0000000087300000|  0%| F|  |TAMS 0x0000000087200000, 0x0000000087200000| Untracked 
|  75|0x0000000087300000, 0x0000000087300000, 0x0000000087400000|  0%| F|  |TAMS 0x0000000087300000, 0x0000000087300000| Untracked 
|  76|0x0000000087400000, 0x0000000087400000, 0x0000000087500000|  0%| F|  |TAMS 0x0000000087400000, 0x0000000087400000| Untracked 
|  77|0x0000000087500000, 0x0000000087500000, 0x0000000087600000|  0%| F|  |TAMS 0x0000000087500000, 0x0000000087500000| Untracked 
|  78|0x0000000087600000, 0x0000000087600000, 0x0000000087700000|  0%| F|  |TAMS 0x0000000087600000, 0x0000000087600000| Untracked 
|  79|0x0000000087700000, 0x0000000087700000, 0x0000000087800000|  0%| F|  |TAMS 0x0000000087700000, 0x0000000087700000| Untracked 
|  80|0x0000000087800000, 0x0000000087800000, 0x0000000087900000|  0%| F|  |TAMS 0x0000000087800000, 0x0000000087800000| Untracked 
|  81|0x0000000087900000, 0x0000000087900000, 0x0000000087a00000|  0%| F|  |TAMS 0x0000000087900000, 0x0000000087900000| Untracked 
|  82|0x0000000087a00000, 0x0000000087a00000, 0x0000000087b00000|  0%| F|  |TAMS 0x0000000087a00000, 0x0000000087a00000| Untracked 
|  83|0x0000000087b00000, 0x0000000087b00000, 0x0000000087c00000|  0%| F|  |TAMS 0x0000000087b00000, 0x0000000087b00000| Untracked 
|  84|0x0000000087c00000, 0x0000000087c00000, 0x0000000087d00000|  0%| F|  |TAMS 0x0000000087c00000, 0x0000000087c00000| Untracked 
|  85|0x0000000087d00000, 0x0000000087d00000, 0x0000000087e00000|  0%| F|  |TAMS 0x0000000087d00000, 0x0000000087d00000| Untracked 
|  86|0x0000000087e00000, 0x0000000087e00000, 0x0000000087f00000|  0%| F|  |TAMS 0x0000000087e00000, 0x0000000087e00000| Untracked 
|  87|0x0000000087f00000, 0x0000000087f00000, 0x0000000088000000|  0%| F|  |TAMS 0x0000000087f00000, 0x0000000087f00000| Untracked 
|  88|0x0000000088000000, 0x0000000088000000, 0x0000000088100000|  0%| F|  |TAMS 0x0000000088000000, 0x0000000088000000| Untracked 
|  89|0x0000000088100000, 0x0000000088100000, 0x0000000088200000|  0%| F|  |TAMS 0x0000000088100000, 0x0000000088100000| Untracked 
|  90|0x0000000088200000, 0x0000000088200000, 0x0000000088300000|  0%| F|  |TAMS 0x0000000088200000, 0x0000000088200000| Untracked 
|  91|0x0000000088300000, 0x0000000088300000, 0x0000000088400000|  0%| F|  |TAMS 0x0000000088300000, 0x0000000088300000| Untracked 
|  92|0x0000000088400000, 0x0000000088400000, 0x0000000088500000|  0%| F|  |TAMS 0x0000000088400000, 0x0000000088400000| Untracked 
|  93|0x0000000088500000, 0x0000000088500000, 0x0000000088600000|  0%| F|  |TAMS 0x0000000088500000, 0x0000000088500000| Untracked 
|  94|0x0000000088600000, 0x0000000088600000, 0x0000000088700000|  0%| F|  |TAMS 0x0000000088600000, 0x0000000088600000| Untracked 
|  95|0x0000000088700000, 0x0000000088700000, 0x0000000088800000|  0%| F|  |TAMS 0x0000000088700000, 0x0000000088700000| Untracked 
|  96|0x0000000088800000, 0x0000000088800000, 0x0000000088900000|  0%| F|  |TAMS 0x0000000088800000, 0x0000000088800000| Untracked 
|  97|0x0000000088900000, 0x0000000088900000, 0x0000000088a00000|  0%| F|  |TAMS 0x0000000088900000, 0x0000000088900000| Untracked 
|  98|0x0000000088a00000, 0x0000000088a00000, 0x0000000088b00000|  0%| F|  |TAMS 0x0000000088a00000, 0x0000000088a00000| Untracked 
|  99|0x0000000088b00000, 0x0000000088b00000, 0x0000000088c00000|  0%| F|  |TAMS 0x0000000088b00000, 0x0000000088b00000| Untracked 
| 100|0x0000000088c00000, 0x0000000088c00000, 0x0000000088d00000|  0%| F|  |TAMS 0x0000000088c00000, 0x0000000088c00000| Untracked 
| 101|0x0000000088d00000, 0x0000000088d00000, 0x0000000088e00000|  0%| F|  |TAMS 0x0000000088d00000, 0x0000000088d00000| Untracked 
| 102|0x0000000088e00000, 0x0000000088e00000, 0x0000000088f00000|  0%| F|  |TAMS 0x0000000088e00000, 0x0000000088e00000| Untracked 
| 103|0x0000000088f00000, 0x0000000088f00000, 0x0000000089000000|  0%| F|  |TAMS 0x0000000088f00000, 0x0000000088f00000| Untracked 
| 104|0x0000000089000000, 0x0000000089000000, 0x0000000089100000|  0%| F|  |TAMS 0x0000000089000000, 0x0000000089000000| Untracked 
| 105|0x0000000089100000, 0x0000000089100000, 0x0000000089200000|  0%| F|  |TAMS 0x0000000089100000, 0x0000000089100000| Untracked 
| 106|0x0000000089200000, 0x0000000089200000, 0x0000000089300000|  0%| F|  |TAMS 0x0000000089200000, 0x0000000089200000| Untracked 
| 107|0x0000000089300000, 0x0000000089300000, 0x0000000089400000|  0%| F|  |TAMS 0x0000000089300000, 0x0000000089300000| Untracked 
| 108|0x0000000089400000, 0x0000000089400000, 0x0000000089500000|  0%| F|  |TAMS 0x0000000089400000, 0x0000000089400000| Untracked 
| 109|0x0000000089500000, 0x0000000089500000, 0x0000000089600000|  0%| F|  |TAMS 0x0000000089500000, 0x0000000089500000| Untracked 
| 110|0x0000000089600000, 0x0000000089600000, 0x0000000089700000|  0%| F|  |TAMS 0x0000000089600000, 0x0000000089600000| Untracked 
| 111|0x0000000089700000, 0x0000000089700000, 0x0000000089800000|  0%| F|  |TAMS 0x0000000089700000, 0x0000000089700000| Untracked 
| 112|0x0000000089800000, 0x0000000089800000, 0x0000000089900000|  0%| F|  |TAMS 0x0000000089800000, 0x0000000089800000| Untracked 
| 113|0x0000000089900000, 0x000000008998d718, 0x0000000089a00000| 55%| E|  |TAMS 0x0000000089900000, 0x0000000089900000| Complete 
| 114|0x0000000089a00000, 0x0000000089b00000, 0x0000000089b00000|100%| E|  |TAMS 0x0000000089a00000, 0x0000000089a00000| Complete 
| 115|0x0000000089b00000, 0x0000000089c00000, 0x0000000089c00000|100%| E|CS|TAMS 0x0000000089b00000, 0x0000000089b00000| Complete 
| 116|0x0000000089c00000, 0x0000000089d00000, 0x0000000089d00000|100%| E|CS|TAMS 0x0000000089c00000, 0x0000000089c00000| Complete 
| 117|0x0000000089d00000, 0x0000000089e00000, 0x0000000089e00000|100%| E|CS|TAMS 0x0000000089d00000, 0x0000000089d00000| Complete 
| 118|0x0000000089e00000, 0x0000000089f00000, 0x0000000089f00000|100%| E|CS|TAMS 0x0000000089e00000, 0x0000000089e00000| Complete 
| 119|0x0000000089f00000, 0x000000008a000000, 0x000000008a000000|100%| E|CS|TAMS 0x0000000089f00000, 0x0000000089f00000| Complete 
| 120|0x000000008a000000, 0x000000008a100000, 0x000000008a100000|100%| E|CS|TAMS 0x000000008a000000, 0x000000008a000000| Complete 
| 121|0x000000008a100000, 0x000000008a200000, 0x000000008a200000|100%| E|CS|TAMS 0x000000008a100000, 0x000000008a100000| Complete 
| 122|0x000000008a200000, 0x000000008a300000, 0x000000008a300000|100%| E|CS|TAMS 0x000000008a200000, 0x000000008a200000| Complete 
| 123|0x000000008a300000, 0x000000008a400000, 0x000000008a400000|100%| E|CS|TAMS 0x000000008a300000, 0x000000008a300000| Complete 
| 124|0x000000008a400000, 0x000000008a500000, 0x000000008a500000|100%| E|CS|TAMS 0x000000008a400000, 0x000000008a400000| Complete 
| 125|0x000000008a500000, 0x000000008a600000, 0x000000008a600000|100%| E|CS|TAMS 0x000000008a500000, 0x000000008a500000| Complete 

Card table byte_map: [0x000001aaf9620000,0x000001aaf9a10000] _byte_map_base: 0x000001aaf920c000

Marking Bits (Prev, Next): (CMBitMap*) 0x000001aae2456500, (CMBitMap*) 0x000001aae2456540
 Prev Bits: [0x000001aaf9e00000, 0x000001aafbd60000)
 Next Bits: [0x000001aafbd60000, 0x000001aafdcc0000)

Polling page: 0x000001aae0310000

Metaspace:

Usage:
  Non-class:      3.71 MB used.
      Class:    406.06 KB used.
       Both:      4.11 MB used.

Virtual space:
  Non-class space:       64.00 MB reserved,       3.75 MB (  6%) committed,  1 nodes.
      Class space:        1.00 GB reserved,     448.00 KB ( <1%) committed,  1 nodes.
             Both:        1.06 GB reserved,       4.19 MB ( <1%) committed. 

Chunk freelists:
   Non-Class:  9.53 MB
       Class:  15.47 MB
        Both:  25.00 MB

MaxMetaspaceSize: unlimited
CompressedClassSpaceSize: 1.00 GB
Initial GC threshold: 21.00 MB
Current GC threshold: 21.00 MB
CDS: on
MetaspaceReclaimPolicy: balanced
 - commit_granule_bytes: 65536.
 - commit_granule_words: 8192.
 - virtual_space_node_default_size: 8388608.
 - enlarge_chunks_in_place: 1.
 - new_chunks_are_fully_committed: 0.
 - uncommit_free_chunks: 1.
 - use_allocation_guard: 0.
 - handle_deallocations: 1.


Internal statistics:

num_allocs_failed_limit: 0.
num_arena_births: 20.
num_arena_deaths: 0.
num_vsnodes_births: 2.
num_vsnodes_deaths: 0.
num_space_committed: 67.
num_space_uncommitted: 0.
num_chunks_returned_to_freelist: 0.
num_chunks_taken_from_freelist: 136.
num_chunk_merges: 0.
num_chunk_splits: 97.
num_chunks_enlarged: 81.
num_inconsistent_stats: 0.

CodeHeap 'non-profiled nmethods': size=120000Kb used=163Kb max_used=163Kb free=119836Kb
 bounds [0x000001aaf19d0000, 0x000001aaf1c40000, 0x000001aaf8f00000]
CodeHeap 'profiled nmethods': size=120000Kb used=922Kb max_used=922Kb free=119077Kb
 bounds [0x000001aae9f00000, 0x000001aaea170000, 0x000001aaf1430000]
CodeHeap 'non-nmethods': size=5760Kb used=1145Kb max_used=1159Kb free=4614Kb
 bounds [0x000001aaf1430000, 0x000001aaf16a0000, 0x000001aaf19d0000]
 total_blobs=993 nmethods=559 adapters=347
 compilation: enabled
              stopped_count=0, restarted_count=0
 full_count=0

Compilation events (20 events):
Event: 0.579 Thread 0x000001aa8071e5f0 nmethod 549 0x000001aae9fe2d90 code [0x000001aae9fe2f20, 0x000001aae9fe3078]
Event: 0.579 Thread 0x000001aa8071e5f0  547       3       java.lang.ClassLoader::getDefinedPackage (36 bytes)
Event: 0.579 Thread 0x000001aa8071e5f0 nmethod 547 0x000001aae9fe3110 code [0x000001aae9fe3300, 0x000001aae9fe3888]
Event: 0.579 Thread 0x000001aa8071e5f0  548       3       java.util.jar.JavaUtilJarAccessImpl::getTrustedAttributes (6 bytes)
Event: 0.579 Thread 0x000001aa8071e5f0 nmethod 548 0x000001aae9fe3a90 code [0x000001aae9fe3c40, 0x000001aae9fe3da8]
Event: 0.586 Thread 0x000001aa8071e5f0  551       3       java.util.zip.ZipEntry::<init> (84 bytes)
Event: 0.587 Thread 0x000001aa8071e5f0 nmethod 551 0x000001aae9fe3e90 code [0x000001aae9fe4080, 0x000001aae9fe4618]
Event: 0.588 Thread 0x000001aa8071e5f0  552       3       jdk.internal.misc.Unsafe::checkPointer (19 bytes)
Event: 0.588 Thread 0x000001aa8071e5f0 nmethod 552 0x000001aae9fe4810 code [0x000001aae9fe49e0, 0x000001aae9fe4d88]
Event: 0.589 Thread 0x000001aa8071e5f0  554       3       java.lang.invoke.MemberName::isStatic (8 bytes)
Event: 0.589 Thread 0x000001aa8071e5f0 nmethod 554 0x000001aae9fe4f10 code [0x000001aae9fe50a0, 0x000001aae9fe5278]
Event: 0.589 Thread 0x000001aa8071e5f0  555       3       jdk.internal.org.objectweb.asm.ByteVector::put122 (93 bytes)
Event: 0.589 Thread 0x000001aa8071e5f0 nmethod 555 0x000001aae9fe5310 code [0x000001aae9fe54c0, 0x000001aae9fe5748]
Event: 0.592 Thread 0x000001aa8071e5f0  556       3       jdk.internal.misc.Unsafe::getLong (7 bytes)
Event: 0.593 Thread 0x000001aa8071e5f0 nmethod 556 0x000001aae9fe5910 code [0x000001aae9fe5aa0, 0x000001aae9fe5bb8]
Event: 0.601 Thread 0x000001aa8071e5f0  557       3       java.util.concurrent.ConcurrentHashMap$Node::<init> (14 bytes)
Event: 0.601 Thread 0x000001aa8071e5f0 nmethod 557 0x000001aae9fe5c90 code [0x000001aae9fe5e40, 0x000001aae9fe6138]
Event: 0.603 Thread 0x000001aa8071e5f0  558       3       jdk.internal.jimage.ImageLocation::readValue (61 bytes)
Event: 0.603 Thread 0x000001aa80713c10  559       4       java.nio.DirectByteBuffer::ix (10 bytes)
Event: 0.604 Thread 0x000001aa8071e5f0 nmethod 558 0x000001aae9fe6210 code [0x000001aae9fe63e0, 0x000001aae9fe67b8]

GC Heap History (0 events):
No events

Dll operation events (6 events):
Event: 0.011 Loaded shared library C:\Program Files\Unity\Hub\Editor\6000.0.28f1\Editor\Data\PlaybackEngines\AndroidPlayer\OpenJDK\bin\java.dll
Event: 0.037 Loaded shared library C:\Program Files\Unity\Hub\Editor\6000.0.28f1\Editor\Data\PlaybackEngines\AndroidPlayer\OpenJDK\bin\jsvml.dll
Event: 0.095 Loaded shared library C:\Program Files\Unity\Hub\Editor\6000.0.28f1\Editor\Data\PlaybackEngines\AndroidPlayer\OpenJDK\bin\net.dll
Event: 0.099 Loaded shared library C:\Program Files\Unity\Hub\Editor\6000.0.28f1\Editor\Data\PlaybackEngines\AndroidPlayer\OpenJDK\bin\nio.dll
Event: 0.114 Loaded shared library C:\Program Files\Unity\Hub\Editor\6000.0.28f1\Editor\Data\PlaybackEngines\AndroidPlayer\OpenJDK\bin\zip.dll
Event: 0.527 Loaded shared library C:\Program Files\Unity\Hub\Editor\6000.0.28f1\Editor\Data\PlaybackEngines\AndroidPlayer\OpenJDK\bin\jimage.dll

Deoptimization events (8 events):
Event: 0.141 Thread 0x000001aae2400560 DEOPT PACKING pc=0x000001aae9f1ae0c sp=0x000000aa6d1fa3c0
Event: 0.141 Thread 0x000001aae2400560 DEOPT UNPACKING pc=0x000001aaf1487143 sp=0x000000aa6d1f9850 mode 0
Event: 0.246 Thread 0x000001aae2400560 DEOPT PACKING pc=0x000001aae9f16067 sp=0x000000aa6d1fdf30
Event: 0.246 Thread 0x000001aae2400560 DEOPT UNPACKING pc=0x000001aaf1487143 sp=0x000000aa6d1fd350 mode 0
Event: 0.257 Thread 0x000001aae2400560 DEOPT PACKING pc=0x000001aae9f14fd1 sp=0x000000aa6d1fe260
Event: 0.257 Thread 0x000001aae2400560 DEOPT UNPACKING pc=0x000001aaf1487143 sp=0x000000aa6d1fd6d8 mode 0
Event: 0.319 Thread 0x000001aae2400560 DEOPT PACKING pc=0x000001aae9f36284 sp=0x000000aa6d1fd6b0
Event: 0.319 Thread 0x000001aae2400560 DEOPT UNPACKING pc=0x000001aaf1487143 sp=0x000000aa6d1fcb70 mode 1

Classes unloaded (0 events):
No events

Classes redefined (0 events):
No events

Internal exceptions (20 events):
Event: 0.563 Thread 0x000001aae2400560 Exception <a 'sun/nio/fs/WindowsException'{0x0000000089a56830}> (0x0000000089a56830) 
thrown [s\src\hotspot\share\prims\jni.cpp, line 516]
Event: 0.563 Thread 0x000001aae2400560 Exception <a 'sun/nio/fs/WindowsException'{0x0000000089a56c48}> (0x0000000089a56c48) 
thrown [s\src\hotspot\share\prims\jni.cpp, line 516]
Event: 0.563 Thread 0x000001aae2400560 Exception <a 'sun/nio/fs/WindowsException'{0x0000000089a589a0}> (0x0000000089a589a0) 
thrown [s\src\hotspot\share\prims\jni.cpp, line 516]
Event: 0.563 Thread 0x000001aae2400560 Exception <a 'sun/nio/fs/WindowsException'{0x0000000089a58db0}> (0x0000000089a58db0) 
thrown [s\src\hotspot\share\prims\jni.cpp, line 516]
Event: 0.563 Thread 0x000001aae2400560 Exception <a 'sun/nio/fs/WindowsException'{0x0000000089a5a998}> (0x0000000089a5a998) 
thrown [s\src\hotspot\share\prims\jni.cpp, line 516]
Event: 0.563 Thread 0x000001aae2400560 Exception <a 'sun/nio/fs/WindowsException'{0x0000000089a5ad88}> (0x0000000089a5ad88) 
thrown [s\src\hotspot\share\prims\jni.cpp, line 516]
Event: 0.566 Thread 0x000001aae2400560 Exception <a 'sun/nio/fs/WindowsException'{0x0000000089a5c930}> (0x0000000089a5c930) 
thrown [s\src\hotspot\share\prims\jni.cpp, line 516]
Event: 0.566 Thread 0x000001aae2400560 Exception <a 'sun/nio/fs/WindowsException'{0x0000000089a5cd10}> (0x0000000089a5cd10) 
thrown [s\src\hotspot\share\prims\jni.cpp, line 516]
Event: 0.566 Thread 0x000001aae2400560 Exception <a 'sun/nio/fs/WindowsException'{0x0000000089a5dca8}> (0x0000000089a5dca8) 
thrown [s\src\hotspot\share\prims\jni.cpp, line 516]
Event: 0.566 Thread 0x000001aae2400560 Exception <a 'sun/nio/fs/WindowsException'{0x0000000089a5e0a8}> (0x0000000089a5e0a8) 
thrown [s\src\hotspot\share\prims\jni.cpp, line 516]
Event: 0.567 Thread 0x000001aae2400560 Exception <a 'sun/nio/fs/WindowsException'{0x0000000089a5fdd0}> (0x0000000089a5fdd0) 
thrown [s\src\hotspot\share\prims\jni.cpp, line 516]
Event: 0.567 Thread 0x000001aae2400560 Exception <a 'sun/nio/fs/WindowsException'{0x0000000089a601f0}> (0x0000000089a601f0) 
thrown [s\src\hotspot\share\prims\jni.cpp, line 516]
Event: 0.568 Thread 0x000001aae2400560 Exception <a 'sun/nio/fs/WindowsException'{0x0000000089a61e38}> (0x0000000089a61e38) 
thrown [s\src\hotspot\share\prims\jni.cpp, line 516]
Event: 0.568 Thread 0x000001aae2400560 Exception <a 'sun/nio/fs/WindowsException'{0x0000000089a62258}> (0x0000000089a62258) 
thrown [s\src\hotspot\share\prims\jni.cpp, line 516]
Event: 0.569 Thread 0x000001aae2400560 Exception <a 'sun/nio/fs/WindowsException'{0x0000000089a63ea0}> (0x0000000089a63ea0) 
thrown [s\src\hotspot\share\prims\jni.cpp, line 516]
Event: 0.569 Thread 0x000001aae2400560 Exception <a 'sun/nio/fs/WindowsException'{0x0000000089a642c0}> (0x0000000089a642c0) 
thrown [s\src\hotspot\share\prims\jni.cpp, line 516]
Event: 0.571 Thread 0x000001aae2400560 Exception <a 'sun/nio/fs/WindowsException'{0x0000000089a65e58}> (0x0000000089a65e58) 
thrown [s\src\hotspot\share\prims\jni.cpp, line 516]
Event: 0.571 Thread 0x000001aae2400560 Exception <a 'sun/nio/fs/WindowsException'{0x0000000089a66218}> (0x0000000089a66218) 
thrown [s\src\hotspot\share\prims\jni.cpp, line 516]
Event: 0.572 Thread 0x000001aae2400560 Exception <a 'sun/nio/fs/WindowsException'{0x0000000089a677f8}> (0x0000000089a677f8) 
thrown [s\src\hotspot\share\prims\jni.cpp, line 516]
Event: 0.572 Thread 0x000001aae2400560 Exception <a 'sun/nio/fs/WindowsException'{0x0000000089a67c08}> (0x0000000089a67c08) 
thrown [s\src\hotspot\share\prims\jni.cpp, line 516]

VM Operations (6 events):
Event: 0.104 Executing VM operation: HandshakeAllThreads
Event: 0.105 Executing VM operation: HandshakeAllThreads done
Event: 0.245 Executing VM operation: HandshakeAllThreads
Event: 0.245 Executing VM operation: HandshakeAllThreads done
Event: 0.319 Executing VM operation: HandshakeAllThreads
Event: 0.319 Executing VM operation: HandshakeAllThreads done

Events (20 events):
Event: 0.590 loading class java/util/stream/Node$OfPrimitive done
Event: 0.590 loading class java/util/stream/Node$OfInt done
Event: 0.590 loading class java/util/stream/Nodes$EmptyNode$OfInt done
Event: 0.590 loading class java/util/stream/Nodes$EmptyNode$OfLong
Event: 0.590 loading class java/util/stream/Node$OfLong
Event: 0.591 loading class java/util/stream/Node$OfLong done
Event: 0.591 loading class java/util/stream/Nodes$EmptyNode$OfLong done
Event: 0.591 loading class java/util/stream/Nodes$EmptyNode$OfDouble
Event: 0.591 loading class java/util/stream/Node$OfDouble
Event: 0.591 loading class java/util/stream/Node$OfDouble done
Event: 0.591 loading class java/util/stream/Nodes$EmptyNode$OfDouble done
Event: 0.591 loading class java/util/stream/Nodes$SpinedNodeBuilder
Event: 0.591 loading class java/util/stream/Node$Builder
Event: 0.591 loading class java/util/stream/Node$Builder done
Event: 0.592 loading class java/util/stream/SpinedBuffer
Event: 0.592 loading class java/util/stream/AbstractSpinedBuffer
Event: 0.592 loading class java/util/stream/AbstractSpinedBuffer done
Event: 0.592 loading class java/util/stream/SpinedBuffer done
Event: 0.592 loading class java/util/stream/Nodes$SpinedNodeBuilder done
Event: 0.603 loading class sun/net/www/protocol/jar/JarURLConnection


Dynamic libraries:
0x00007ff669d40000 - 0x00007ff669d4e000 	C:\Program Files\Unity\Hub\Editor\6000.0.28f1\Editor\Data\PlaybackEngines\AndroidPlayer\OpenJDK\bin\java.exe
0x00007ffc48910000 - 0x00007ffc48b27000 	C:\WINDOWS\SYSTEM32\ntdll.dll
0x00007ffc47a90000 - 0x00007ffc47b54000 	C:\WINDOWS\System32\KERNEL32.DLL
0x00007ffc45d30000 - 0x00007ffc46100000 	C:\WINDOWS\System32\KERNELBASE.dll
0x00007ffc40a50000 - 0x00007ffc40ae7000 	C:\WINDOWS\SYSTEM32\apphelp.dll
0x00007ffc46320000 - 0x00007ffc46431000 	C:\WINDOWS\System32\ucrtbase.dll
0x00007ffc32e60000 - 0x00007ffc32e77000 	C:\Program Files\Unity\Hub\Editor\6000.0.28f1\Editor\Data\PlaybackEngines\AndroidPlayer\OpenJDK\bin\jli.dll
0x00007ffc32e40000 - 0x00007ffc32e5b000 	C:\Program Files\Unity\Hub\Editor\6000.0.28f1\Editor\Data\PlaybackEngines\AndroidPlayer\OpenJDK\bin\VCRUNTIME140.dll
0x00007ffc47310000 - 0x00007ffc474be000 	C:\WINDOWS\System32\USER32.dll
0x00007ffc29440000 - 0x00007ffc296d2000 	C:\WINDOWS\WinSxS\amd64_microsoft.windows.common-controls_6595b64144ccf1df_6.0.22621.4830_none_270fe7d773858e80\COMCTL32.dll
0x00007ffc464e0000 - 0x00007ffc46506000 	C:\WINDOWS\System32\win32u.dll
0x00007ffc487b0000 - 0x00007ffc487d9000 	C:\WINDOWS\System32\GDI32.dll
0x00007ffc480e0000 - 0x00007ffc48187000 	C:\WINDOWS\System32\msvcrt.dll
0x00007ffc46200000 - 0x00007ffc4631b000 	C:\WINDOWS\System32\gdi32full.dll
0x00007ffc46440000 - 0x00007ffc464da000 	C:\WINDOWS\System32\msvcp_win.dll
0x00007ffc46930000 - 0x00007ffc46961000 	C:\WINDOWS\System32\IMM32.DLL
0x00007ffc418e0000 - 0x00007ffc418ec000 	C:\Program Files\Unity\Hub\Editor\6000.0.28f1\Editor\Data\PlaybackEngines\AndroidPlayer\OpenJDK\bin\vcruntime140_1.dll
0x00007ffbf83c0000 - 0x00007ffbf844d000 	C:\Program Files\Unity\Hub\Editor\6000.0.28f1\Editor\Data\PlaybackEngines\AndroidPlayer\OpenJDK\bin\msvcp140.dll
0x00007ffbe4b20000 - 0x00007ffbe5781000 	C:\Program Files\Unity\Hub\Editor\6000.0.28f1\Editor\Data\PlaybackEngines\AndroidPlayer\OpenJDK\bin\server\jvm.dll
0x00007ffc486f0000 - 0x00007ffc487a1000 	C:\WINDOWS\System32\ADVAPI32.dll
0x00007ffc467e0000 - 0x00007ffc46887000 	C:\WINDOWS\System32\sechost.dll
0x00007ffc465d0000 - 0x00007ffc465f8000 	C:\WINDOWS\System32\bcrypt.dll
0x00007ffc46970000 - 0x00007ffc46a84000 	C:\WINDOWS\System32\RPCRT4.dll
0x00007ffc45a90000 - 0x00007ffc45add000 	C:\WINDOWS\SYSTEM32\POWRPROF.dll
0x00007ffc35d60000 - 0x00007ffc35d69000 	C:\WINDOWS\SYSTEM32\WSOCK32.dll
0x00007ffc40cf0000 - 0x00007ffc40d24000 	C:\WINDOWS\SYSTEM32\WINMM.dll
0x00007ffc47a00000 - 0x00007ffc47a71000 	C:\WINDOWS\System32\WS2_32.dll
0x00007ffc40850000 - 0x00007ffc4085a000 	C:\WINDOWS\SYSTEM32\VERSION.dll
0x00007ffc45a70000 - 0x00007ffc45a83000 	C:\WINDOWS\SYSTEM32\UMPDC.dll
0x00007ffc44bd0000 - 0x00007ffc44be8000 	C:\WINDOWS\SYSTEM32\kernel.appcore.dll
0x00007ffc3dfb0000 - 0x00007ffc3dfba000 	C:\Program Files\Unity\Hub\Editor\6000.0.28f1\Editor\Data\PlaybackEngines\AndroidPlayer\OpenJDK\bin\jimage.dll
0x00007ffc42a00000 - 0x00007ffc42c32000 	C:\WINDOWS\SYSTEM32\DBGHELP.DLL
0x00007ffc47c40000 - 0x00007ffc47fd0000 	C:\WINDOWS\System32\combase.dll
0x00007ffc47b60000 - 0x00007ffc47c37000 	C:\WINDOWS\System32\OLEAUT32.dll
0x00007ffc10020000 - 0x00007ffc10052000 	C:\WINDOWS\SYSTEM32\dbgcore.DLL
0x00007ffc46100000 - 0x00007ffc4617b000 	C:\WINDOWS\System32\bcryptPrimitives.dll
0x00007ffc1cd80000 - 0x00007ffc1cda5000 	C:\Program Files\Unity\Hub\Editor\6000.0.28f1\Editor\Data\PlaybackEngines\AndroidPlayer\OpenJDK\bin\java.dll
0x00007ffbf82e0000 - 0x00007ffbf83b7000 	C:\Program Files\Unity\Hub\Editor\6000.0.28f1\Editor\Data\PlaybackEngines\AndroidPlayer\OpenJDK\bin\jsvml.dll
0x00007ffc46a90000 - 0x00007ffc47308000 	C:\WINDOWS\System32\SHELL32.dll
0x00007ffc43ac0000 - 0x00007ffc443d0000 	C:\WINDOWS\SYSTEM32\windows.storage.dll
0x00007ffc43980000 - 0x00007ffc43abf000 	C:\WINDOWS\SYSTEM32\wintypes.dll
0x00007ffc47fd0000 - 0x00007ffc480da000 	C:\WINDOWS\System32\SHCORE.dll
0x00007ffc48860000 - 0x00007ffc488be000 	C:\WINDOWS\System32\shlwapi.dll
0x00007ffc45af0000 - 0x00007ffc45b1b000 	C:\WINDOWS\SYSTEM32\profapi.dll
0x00007ffc1cd60000 - 0x00007ffc1cd79000 	C:\Program Files\Unity\Hub\Editor\6000.0.28f1\Editor\Data\PlaybackEngines\AndroidPlayer\OpenJDK\bin\net.dll
0x00007ffc404c0000 - 0x00007ffc405ec000 	C:\WINDOWS\SYSTEM32\WINHTTP.dll
0x00007ffc45060000 - 0x00007ffc450ca000 	C:\WINDOWS\system32\mswsock.dll
0x00007ffc11b10000 - 0x00007ffc11b26000 	C:\Program Files\Unity\Hub\Editor\6000.0.28f1\Editor\Data\PlaybackEngines\AndroidPlayer\OpenJDK\bin\nio.dll
0x00007ffc11af0000 - 0x00007ffc11b08000 	C:\Program Files\Unity\Hub\Editor\6000.0.28f1\Editor\Data\PlaybackEngines\AndroidPlayer\OpenJDK\bin\zip.dll

dbghelp: loaded successfully - version: 4.0.5 - missing functions: none
symbol engine: initialized successfully - sym options: 0x614 - pdb path: .;C:\Program Files\Unity\Hub\Editor\6000.0.28f1\Editor\Data\PlaybackEngines\AndroidPlayer\OpenJDK\bin;C:\WINDOWS\SYSTEM32;C:\WINDOWS\WinSxS\amd64_microsoft.windows.common-controls_6595b64144ccf1df_6.0.22621.4830_none_270fe7d773858e80;C:\Program Files\Unity\Hub\Editor\6000.0.28f1\Editor\Data\PlaybackEngines\AndroidPlayer\OpenJDK\bin\server

VM Arguments:
jvm_args: -Dcom.android.sdkmanager.toolsdir=C:\Program Files\Unity\Hub\Editor\6000.0.28f1\Editor\Data\PlaybackEngines\AndroidPlayer\SDK\cmdline-tools\6.0\bin\\.. 
java_command: com.android.sdklib.tool.AvdManagerCli list target -c
java_class_path (initial): C:\Program Files\Unity\Hub\Editor\6000.0.28f1\Editor\Data\PlaybackEngines\AndroidPlayer\SDK\cmdline-tools\6.0\bin\..\lib\avdmanager-classpath.jar
Launcher Type: SUN_STANDARD

[Global flags]
     intx CICompilerCount                          = 4                                         {product} {ergonomic}
     uint ConcGCThreads                            = 2                                         {product} {ergonomic}
     uint G1ConcRefinementThreads                  = 8                                         {product} {ergonomic}
   size_t G1HeapRegionSize                         = 1048576                                   {product} {ergonomic}
    uintx GCDrainStackTargetSize                   = 64                                        {product} {ergonomic}
   size_t InitialHeapSize                          = 132120576                                 {product} {ergonomic}
   size_t MarkStackSize                            = 4194304                                   {product} {ergonomic}
   size_t MaxHeapSize                              = 2105540608                                {product} {ergonomic}
   size_t MaxNewSize                               = 1262485504                                {product} {ergonomic}
   size_t MinHeapDeltaBytes                        = 1048576                                   {product} {ergonomic}
   size_t MinHeapSize                              = 8388608                                   {product} {ergonomic}
    uintx NonNMethodCodeHeapSize                   = 5839372                                {pd product} {ergonomic}
    uintx NonProfiledCodeHeapSize                  = 122909434                              {pd product} {ergonomic}
    uintx ProfiledCodeHeapSize                     = 122909434                              {pd product} {ergonomic}
    uintx ReservedCodeCacheSize                    = 251658240                              {pd product} {ergonomic}
     bool SegmentedCodeCache                       = true                                      {product} {ergonomic}
   size_t SoftMaxHeapSize                          = 2105540608                             {manageable} {ergonomic}
     bool UseCompressedClassPointers               = true                           {product lp64_product} {ergonomic}
     bool UseCompressedOops                        = true                           {product lp64_product} {ergonomic}
     bool UseG1GC                                  = true                                      {product} {ergonomic}
     bool UseLargePagesIndividualAllocation        = false                                  {pd product} {ergonomic}

Logging:
Log output configuration:
 #0: stdout all=warning uptime,level,tags
 #1: stderr all=off uptime,level,tags

Environment Variables:
JAVA_HOME=C:\Program Files\Unity\Hub\Editor\6000.0.28f1\Editor\Data\PlaybackEngines\AndroidPlayer\OpenJDK
CLASSPATH=C:\Program Files\Unity\Hub\Editor\6000.0.28f1\Editor\Data\PlaybackEngines\AndroidPlayer\SDK\cmdline-tools\6.0\bin\..\lib\avdmanager-classpath.jar
PATH=C:\Program Files (x86)\Common Files\Intel\Shared Libraries\redist\intel64\compiler;C:\WINDOWS\system32;C:\WINDOWS;C:\WINDOWS\System32\Wbem;C:\WINDOWS\System32\WindowsPowerShell\v1.0\;C:\WINDOWS\System32\OpenSSH\;C:\ProgramData\chocolatey\bin;C:\Program Files\dotnet\;C:\Program Files (x86)\Windows Kits\10\Windows Performance Toolkit\;C:\Program Files\Git\cmd;C:\Users\choha\AppData\Local\Microsoft\WindowsApps;C:\Users\choha\AppData\Local\Programs\Microsoft VS Code\bin;C:\Users\choha\.dotnet\tools;C:\Users\choha\AppData\Local\GitHubDesktop\bin;C:\Program Files\heroku\bin;C:\Users\choha\AppData\Local\Muse Hub\lib;E:\Windsurf\bin;C:\texlive\2024\bin\windows
USERNAME=choha
OS=Windows_NT
PROCESSOR_IDENTIFIER=Intel64 Family 6 Model 142 Stepping 12, GenuineIntel
TMP=C:\Users\choha\AppData\Local\Temp
TEMP=C:\Users\choha\AppData\Local\Temp



Periodic native trim disabled


---------------  S Y S T E M  ---------------

OS:
 Windows 11 , 64 bit Build 22621 (10.0.22621.4830)
OS uptime: 4 days 21:38 hours
Hyper-V role detected

CPU: total 8 (initial active 8) (4 cores per cpu, 2 threads per core) family 6 model 142 stepping 12 microcode 0xec, cx8, cmov, fxsr, ht, mmx, 3dnowpref, sse, sse2, sse3, ssse3, sse4.1, sse4.2, popcnt, lzcnt, tsc, tscinvbit, avx, avx2, aes, erms, clmul, bmi1, bmi2, adx, fma, vzeroupper, clflush, clflushopt, hv
Processor Information for all 8 processors :
  Max Mhz: 2112, Current Mhz: 1609, Mhz Limit: 1605

Memory: 4k page, system-wide physical 8025M (303M free)
TotalPageFile size 32601M (AvailPageFile size 0M)
current process WorkingSet (physical memory assigned to process): 57M, peak: 57M
current process commit charge ("private bytes"): 217M, peak: 217M

vm_info: OpenJDK 64-Bit Server VM (17.0.9+9) for windows-amd64 JRE (17.0.9+9), built on Oct 26 2023 14:01:42 by "admin" with MS VC++ 16.10 / 16.11 (VS2019)

END.
