#
# There is insufficient memory for the Java Runtime Environment to continue.
# Native memory allocation (mmap) failed to map 132120576 bytes for G1 virtual space
# Possible reasons:
#   The system is out of physical RAM or swap space
#   The process is running with CompressedOops enabled, and the Java Heap may be blocking the growth of the native heap
# Possible solutions:
#   Reduce memory load on the system
#   Increase physical memory or swap space
#   Check if swap backing store is full
#   Decrease Java heap size (-Xmx/-Xms)
#   Decrease number of Java threads
#   Decrease Java thread stack sizes (-Xss)
#   Set larger code cache with -XX:ReservedCodeCacheSize=
#   JVM is running with Unscaled Compressed Oops mode in which the Java heap is
#     placed in the first 4GB address space. The Java Heap base address is the
#     maximum limit for the native heap growth. Please use -XX:HeapBaseMinAddress
#     to set the Java Heap base and to place the Java Heap above 4GB virtual address.
# This output file may be truncated or incomplete.
#
#  Out of Memory Error (os_windows.cpp:3613), pid=23900, tid=20572
#
# JRE version:  (17.0.9+9) (build )
# Java VM: OpenJDK 64-Bit Server VM (17.0.9+9, mixed mode, sharing, tiered, compressed oops, compressed class ptrs, g1 gc, windows-amd64)
# No core dump will be written. Minidumps are not enabled by default on client versions of Windows
#

---------------  S U M M A R Y ------------

Command Line: -Dcom.android.sdkmanager.toolsdir=C:\Program Files\Unity\Hub\Editor\6000.0.28f1\Editor\Data\PlaybackEngines\AndroidPlayer\SDK\cmdline-tools\6.0\bin\\.. com.android.sdklib.tool.AvdManagerCli list target -c

Host: Intel(R) Core(TM) i5-10210U CPU @ 1.60GHz, 8 cores, 7G,  Windows 11 , 64 bit Build 22621 (10.0.22621.4830)
Time: Tue Feb 25 18:27:33 2025 Pakistan Standard Time elapsed time: 0.010292 seconds (0d 0h 0m 0s)

---------------  T H R E A D  ---------------

Current thread (0x0000027440edf640):  JavaThread "Unknown thread" [_thread_in_vm, id=20572, stack(0x000000e6a4a00000,0x000000e6a4b00000)]

Stack: [0x000000e6a4a00000,0x000000e6a4b00000]
Native frames: (J=compiled Java code, j=interpreted, Vv=VM code, C=native code)
V  [jvm.dll+0x67cf49]
V  [jvm.dll+0x83478a]
V  [jvm.dll+0x83624e]
V  [jvm.dll+0x8368b3]
V  [jvm.dll+0x247f1f]
V  [jvm.dll+0x679d69]
V  [jvm.dll+0x66e6ba]
V  [jvm.dll+0x307e5b]
V  [jvm.dll+0x30f306]
V  [jvm.dll+0x35f0ce]
V  [jvm.dll+0x35f2ff]
V  [jvm.dll+0x2dea58]
V  [jvm.dll+0x2df9c4]
V  [jvm.dll+0x806031]
V  [jvm.dll+0x36cf31]
V  [jvm.dll+0x7e4aac]
V  [jvm.dll+0x3f07af]
V  [jvm.dll+0x3f23e1]
C  [jli.dll+0x528f]
C  [ucrtbase.dll+0x29333]
C  [KERNEL32.DLL+0x1259d]
C  [ntdll.dll+0x5af38]


---------------  P R O C E S S  ---------------

Threads class SMR info:
_java_thread_list=0x00007ffbe564ee98, length=0, elements={
}

Java Threads: ( => current thread )

Other Threads:
  0x0000027440f365a0 GCTaskThread "GC Thread#0" [stack: 0x000000e6a4b00000,0x000000e6a4c00000] [id=6536]
  0x0000027440f46ff0 ConcurrentGCThread "G1 Main Marker" [stack: 0x000000e6a4c00000,0x000000e6a4d00000] [id=11688]
  0x0000027440f48a20 ConcurrentGCThread "G1 Conc#0" [stack: 0x000000e6a4d00000,0x000000e6a4e00000] [id=21468]

[error occurred during error reporting (printing all threads), id 0xc0000005, EXCEPTION_ACCESS_VIOLATION (0xc0000005) at pc=0x00007ffbe4e0f497]

VM state: not at safepoint (not fully initialized)

VM Mutex/Monitor currently owned by a thread:  ([mutex/lock_event])
[0x0000027440edd2d0] Heap_lock - owner thread: 0x0000027440edf640

Heap address: 0x0000000082800000, size: 2008 MB, Compressed Oops mode: 32-bit

CDS archive(s) mapped at: [0x0000000000000000-0x0000000000000000-0x0000000000000000), size 0, SharedBaseAddress: 0x0000000800000000, ArchiveRelocationMode: 1.
Narrow klass base: 0x0000000000000000, Narrow klass shift: 0, Narrow klass range: 0x0

GC Precious Log:
<Empty>

Heap:
 garbage-first heap   total 0K, used 0K [0x0000000082800000, 0x0000000100000000)
  region size 1024K, 0 young (0K), 0 survivors (0K)

[error occurred during error reporting (printing heap information), id 0xc0000005, EXCEPTION_ACCESS_VIOLATION (0xc0000005) at pc=0x00007ffbe51f6c79]

GC Heap History (0 events):
No events

Dll operation events (1 events):
Event: 0.007 Loaded shared library C:\Program Files\Unity\Hub\Editor\6000.0.28f1\Editor\Data\PlaybackEngines\AndroidPlayer\OpenJDK\bin\java.dll

Deoptimization events (0 events):
No events

Classes unloaded (0 events):
No events

Classes redefined (0 events):
No events

Internal exceptions (0 events):
No events

VM Operations (0 events):
No events

Events (0 events):
No events


Dynamic libraries:
0x00007ff72a6f0000 - 0x00007ff72a6fe000 	C:\Program Files\Unity\Hub\Editor\6000.0.28f1\Editor\Data\PlaybackEngines\AndroidPlayer\OpenJDK\bin\java.exe
0x00007ffc48910000 - 0x00007ffc48b27000 	C:\WINDOWS\SYSTEM32\ntdll.dll
0x00007ffc47a90000 - 0x00007ffc47b54000 	C:\WINDOWS\System32\KERNEL32.DLL
0x00007ffc45d30000 - 0x00007ffc46100000 	C:\WINDOWS\System32\KERNELBASE.dll
0x00007ffc40a50000 - 0x00007ffc40ae7000 	C:\WINDOWS\SYSTEM32\apphelp.dll
0x00007ffc46320000 - 0x00007ffc46431000 	C:\WINDOWS\System32\ucrtbase.dll
0x00007ffc32e60000 - 0x00007ffc32e77000 	C:\Program Files\Unity\Hub\Editor\6000.0.28f1\Editor\Data\PlaybackEngines\AndroidPlayer\OpenJDK\bin\jli.dll
0x00007ffc32e40000 - 0x00007ffc32e5b000 	C:\Program Files\Unity\Hub\Editor\6000.0.28f1\Editor\Data\PlaybackEngines\AndroidPlayer\OpenJDK\bin\VCRUNTIME140.dll
0x00007ffc47310000 - 0x00007ffc474be000 	C:\WINDOWS\System32\USER32.dll
0x00007ffc29440000 - 0x00007ffc296d2000 	C:\WINDOWS\WinSxS\amd64_microsoft.windows.common-controls_6595b64144ccf1df_6.0.22621.4830_none_270fe7d773858e80\COMCTL32.dll
0x00007ffc464e0000 - 0x00007ffc46506000 	C:\WINDOWS\System32\win32u.dll
0x00007ffc480e0000 - 0x00007ffc48187000 	C:\WINDOWS\System32\msvcrt.dll
0x00007ffc487b0000 - 0x00007ffc487d9000 	C:\WINDOWS\System32\GDI32.dll
0x00007ffc46200000 - 0x00007ffc4631b000 	C:\WINDOWS\System32\gdi32full.dll
0x00007ffc46440000 - 0x00007ffc464da000 	C:\WINDOWS\System32\msvcp_win.dll
0x00007ffc46930000 - 0x00007ffc46961000 	C:\WINDOWS\System32\IMM32.DLL
0x00007ffc418e0000 - 0x00007ffc418ec000 	C:\Program Files\Unity\Hub\Editor\6000.0.28f1\Editor\Data\PlaybackEngines\AndroidPlayer\OpenJDK\bin\vcruntime140_1.dll
0x00007ffbf83c0000 - 0x00007ffbf844d000 	C:\Program Files\Unity\Hub\Editor\6000.0.28f1\Editor\Data\PlaybackEngines\AndroidPlayer\OpenJDK\bin\msvcp140.dll
0x00007ffbe4b20000 - 0x00007ffbe5781000 	C:\Program Files\Unity\Hub\Editor\6000.0.28f1\Editor\Data\PlaybackEngines\AndroidPlayer\OpenJDK\bin\server\jvm.dll
0x00007ffc486f0000 - 0x00007ffc487a1000 	C:\WINDOWS\System32\ADVAPI32.dll
0x00007ffc467e0000 - 0x00007ffc46887000 	C:\WINDOWS\System32\sechost.dll
0x00007ffc465d0000 - 0x00007ffc465f8000 	C:\WINDOWS\System32\bcrypt.dll
0x00007ffc46970000 - 0x00007ffc46a84000 	C:\WINDOWS\System32\RPCRT4.dll
0x00007ffc35d60000 - 0x00007ffc35d69000 	C:\WINDOWS\SYSTEM32\WSOCK32.dll
0x00007ffc45a90000 - 0x00007ffc45add000 	C:\WINDOWS\SYSTEM32\POWRPROF.dll
0x00007ffc47a00000 - 0x00007ffc47a71000 	C:\WINDOWS\System32\WS2_32.dll
0x00007ffc40cf0000 - 0x00007ffc40d24000 	C:\WINDOWS\SYSTEM32\WINMM.dll
0x00007ffc40850000 - 0x00007ffc4085a000 	C:\WINDOWS\SYSTEM32\VERSION.dll
0x00007ffc45a70000 - 0x00007ffc45a83000 	C:\WINDOWS\SYSTEM32\UMPDC.dll
0x00007ffc44bd0000 - 0x00007ffc44be8000 	C:\WINDOWS\SYSTEM32\kernel.appcore.dll
0x00007ffc3dfb0000 - 0x00007ffc3dfba000 	C:\Program Files\Unity\Hub\Editor\6000.0.28f1\Editor\Data\PlaybackEngines\AndroidPlayer\OpenJDK\bin\jimage.dll
0x00007ffc42a00000 - 0x00007ffc42c32000 	C:\WINDOWS\SYSTEM32\DBGHELP.DLL
0x00007ffc47c40000 - 0x00007ffc47fd0000 	C:\WINDOWS\System32\combase.dll
0x00007ffc47b60000 - 0x00007ffc47c37000 	C:\WINDOWS\System32\OLEAUT32.dll
0x00007ffc10020000 - 0x00007ffc10052000 	C:\WINDOWS\SYSTEM32\dbgcore.DLL
0x00007ffc46100000 - 0x00007ffc4617b000 	C:\WINDOWS\System32\bcryptPrimitives.dll
0x00007ffc1cd80000 - 0x00007ffc1cda5000 	C:\Program Files\Unity\Hub\Editor\6000.0.28f1\Editor\Data\PlaybackEngines\AndroidPlayer\OpenJDK\bin\java.dll

dbghelp: loaded successfully - version: 4.0.5 - missing functions: none
symbol engine: initialized successfully - sym options: 0x614 - pdb path: .;C:\Program Files\Unity\Hub\Editor\6000.0.28f1\Editor\Data\PlaybackEngines\AndroidPlayer\OpenJDK\bin;C:\WINDOWS\SYSTEM32;C:\WINDOWS\WinSxS\amd64_microsoft.windows.common-controls_6595b64144ccf1df_6.0.22621.4830_none_270fe7d773858e80;C:\Program Files\Unity\Hub\Editor\6000.0.28f1\Editor\Data\PlaybackEngines\AndroidPlayer\OpenJDK\bin\server

VM Arguments:
jvm_args: -Dcom.android.sdkmanager.toolsdir=C:\Program Files\Unity\Hub\Editor\6000.0.28f1\Editor\Data\PlaybackEngines\AndroidPlayer\SDK\cmdline-tools\6.0\bin\\.. 
java_command: com.android.sdklib.tool.AvdManagerCli list target -c
java_class_path (initial): C:\Program Files\Unity\Hub\Editor\6000.0.28f1\Editor\Data\PlaybackEngines\AndroidPlayer\SDK\cmdline-tools\6.0\bin\..\lib\avdmanager-classpath.jar
Launcher Type: SUN_STANDARD

[Global flags]
     intx CICompilerCount                          = 4                                         {product} {ergonomic}
     uint ConcGCThreads                            = 2                                         {product} {ergonomic}
     uint G1ConcRefinementThreads                  = 8                                         {product} {ergonomic}
   size_t G1HeapRegionSize                         = 1048576                                   {product} {ergonomic}
    uintx GCDrainStackTargetSize                   = 64                                        {product} {ergonomic}
   size_t InitialHeapSize                          = 132120576                                 {product} {ergonomic}
   size_t MarkStackSize                            = 4194304                                   {product} {ergonomic}
   size_t MaxHeapSize                              = 2105540608                                {product} {ergonomic}
   size_t MinHeapDeltaBytes                        = 1048576                                   {product} {ergonomic}
   size_t MinHeapSize                              = 8388608                                   {product} {ergonomic}
    uintx NonNMethodCodeHeapSize                   = 5839372                                {pd product} {ergonomic}
    uintx NonProfiledCodeHeapSize                  = 122909434                              {pd product} {ergonomic}
    uintx ProfiledCodeHeapSize                     = 122909434                              {pd product} {ergonomic}
    uintx ReservedCodeCacheSize                    = 251658240                              {pd product} {ergonomic}
     bool SegmentedCodeCache                       = true                                      {product} {ergonomic}
   size_t SoftMaxHeapSize                          = 2105540608                             {manageable} {ergonomic}
     bool UseCompressedClassPointers               = true                           {product lp64_product} {ergonomic}
     bool UseCompressedOops                        = true                           {product lp64_product} {ergonomic}
     bool UseG1GC                                  = true                                      {product} {ergonomic}
     bool UseLargePagesIndividualAllocation        = false                                  {pd product} {ergonomic}

Logging:
Log output configuration:
 #0: stdout all=warning uptime,level,tags
 #1: stderr all=off uptime,level,tags

Environment Variables:
JAVA_HOME=C:\Program Files\Unity\Hub\Editor\6000.0.28f1\Editor\Data\PlaybackEngines\AndroidPlayer\OpenJDK
CLASSPATH=C:\Program Files\Unity\Hub\Editor\6000.0.28f1\Editor\Data\PlaybackEngines\AndroidPlayer\SDK\cmdline-tools\6.0\bin\..\lib\avdmanager-classpath.jar
PATH=C:\Program Files (x86)\Common Files\Intel\Shared Libraries\redist\intel64\compiler;C:\WINDOWS\system32;C:\WINDOWS;C:\WINDOWS\System32\Wbem;C:\WINDOWS\System32\WindowsPowerShell\v1.0\;C:\WINDOWS\System32\OpenSSH\;C:\ProgramData\chocolatey\bin;C:\Program Files\dotnet\;C:\Program Files (x86)\Windows Kits\10\Windows Performance Toolkit\;C:\Program Files\Git\cmd;C:\Users\choha\AppData\Local\Microsoft\WindowsApps;C:\Users\choha\AppData\Local\Programs\Microsoft VS Code\bin;C:\Users\choha\.dotnet\tools;C:\Users\choha\AppData\Local\GitHubDesktop\bin;C:\Program Files\heroku\bin;C:\Users\choha\AppData\Local\Muse Hub\lib;E:\Windsurf\bin;C:\texlive\2024\bin\windows
USERNAME=choha
OS=Windows_NT
PROCESSOR_IDENTIFIER=Intel64 Family 6 Model 142 Stepping 12, GenuineIntel
TMP=C:\Users\choha\AppData\Local\Temp
TEMP=C:\Users\choha\AppData\Local\Temp



Periodic native trim disabled


---------------  S Y S T E M  ---------------

OS:
 Windows 11 , 64 bit Build 22621 (10.0.22621.4830)
OS uptime: 4 days 21:39 hours
Hyper-V role detected

CPU: total 8 (initial active 8) (4 cores per cpu, 2 threads per core) family 6 model 142 stepping 12 microcode 0xec, cx8, cmov, fxsr, ht, mmx, 3dnowpref, sse, sse2, sse3, ssse3, sse4.1, sse4.2, popcnt, lzcnt, tsc, tscinvbit, avx, avx2, aes, erms, clmul, bmi1, bmi2, adx, fma, vzeroupper, clflush, clflushopt, hv
Processor Information for all 8 processors :
  Max Mhz: 2112, Current Mhz: 1609, Mhz Limit: 1605

Memory: 4k page, system-wide physical 8025M (414M free)
TotalPageFile size 32601M (AvailPageFile size 43M)
current process WorkingSet (physical memory assigned to process): 12M, peak: 12M
current process commit charge ("private bytes"): 60M, peak: 186M

vm_info: OpenJDK 64-Bit Server VM (17.0.9+9) for windows-amd64 JRE (17.0.9+9), built on Oct 26 2023 14:01:42 by "admin" with MS VC++ 16.10 / 16.11 (VS2019)

END.
